<?xml version="1.0" encoding="UTF-8"?>
<testng-results skipped="0" failed="0" total="2" passed="2">
  <reporter-output>
  </reporter-output>
  <suite name="Default suite" duration-ms="32229" started-at="2018-09-17T08:18:26Z" finished-at="2018-09-17T08:18:58Z">
    <groups>
    </groups>
    <test name="Default test" duration-ms="32229" started-at="2018-09-17T08:18:26Z" finished-at="2018-09-17T08:18:58Z">
      <class name="com.scp.orange.hrm.login.OrangeHRMLoginTest">
        <test-method status="PASS" signature="verifyUserLoginCredentials(java.lang.String, java.lang.String, java.lang.String)[pri:0, instance:com.scp.orange.hrm.login.OrangeHRMLoginTest@18be83e4]" name="verifyUserLoginCredentials" duration-ms="19710" started-at="2018-09-17T13:48:28Z" data-provider="data" finished-at="2018-09-17T13:48:47Z">
          <params>
            <param index="0">
              <value>
                <![CDATA[Admin]]>
              </value>
            </param>
            <param index="1">
              <value>
                <![CDATA[admin123]]>
              </value>
            </param>
            <param index="2">
              <value>
                <![CDATA[Welcome Admin]]>
              </value>
            </param>
          </params>
          <reporter-output>
          </reporter-output>
        </test-method> <!-- verifyUserLoginCredentials -->
        <test-method status="PASS" signature="verifyUserLoginCredentials(java.lang.String, java.lang.String, java.lang.String)[pri:0, instance:com.scp.orange.hrm.login.OrangeHRMLoginTest@18be83e4]" name="verifyUserLoginCredentials" duration-ms="11024" started-at="2018-09-17T13:48:47Z" data-provider="data" finished-at="2018-09-17T13:48:58Z">
          <params>
            <param index="0">
              <value>
                <![CDATA[fggh]]>
              </value>
            </param>
            <param index="1">
              <value>
                <![CDATA[jhghj]]>
              </value>
            </param>
            <param index="2">
              <value>
                <![CDATA[Invalid credentials]]>
              </value>
            </param>
          </params>
          <reporter-output>
          </reporter-output>
        </test-method> <!-- verifyUserLoginCredentials -->
      </class> <!-- com.scp.orange.hrm.login.OrangeHRMLoginTest -->
    </test> <!-- Default test -->
  </suite> <!-- Default suite -->
</testng-results>
