<?xml version="1.0" encoding="UTF-8"?>
<testng-results skipped="0" failed="0" total="3" passed="3">
  <reporter-output>
  </reporter-output>
  <suite name="Default suite" duration-ms="1629" started-at="2019-03-05T08:42:32Z" finished-at="2019-03-05T08:42:34Z">
    <groups>
    </groups>
    <test name="Default test" duration-ms="1629" started-at="2019-03-05T08:42:32Z" finished-at="2019-03-05T08:42:34Z">
      <class name="practice.TwoDimentionalArray">
        <test-method status="PASS" signature="getdata(java.lang.Object, java.lang.Object, java.lang.Object)[pri:0, instance:practice.TwoDimentionalArray@4c70fda8]" name="getdata" duration-ms="31" started-at="2019-03-05T14:12:34Z" data-provider="data" finished-at="2019-03-05T14:12:34Z">
          <params>
            <param index="0">
              <value>
                <![CDATA[Prashant]]>
              </value>
            </param>
            <param index="1">
              <value>
                <![CDATA[1234.0]]>
              </value>
            </param>
            <param index="2">
              <value>
                <![CDATA[NA]]>
              </value>
            </param>
          </params>
          <reporter-output>
          </reporter-output>
        </test-method> <!-- getdata -->
        <test-method status="PASS" signature="getdata(java.lang.Object, java.lang.Object, java.lang.Object)[pri:0, instance:practice.TwoDimentionalArray@4c70fda8]" name="getdata" duration-ms="0" started-at="2019-03-05T14:12:34Z" data-provider="data" finished-at="2019-03-05T14:12:34Z">
          <params>
            <param index="0">
              <value>
                <![CDATA[Nikhil]]>
              </value>
            </param>
            <param index="1">
              <value>
                <![CDATA[21564.0]]>
              </value>
            </param>
            <param index="2">
              <value>
                <![CDATA[Pass]]>
              </value>
            </param>
          </params>
          <reporter-output>
          </reporter-output>
        </test-method> <!-- getdata -->
        <test-method status="PASS" signature="getdata(java.lang.Object, java.lang.Object, java.lang.Object)[pri:0, instance:practice.TwoDimentionalArray@4c70fda8]" name="getdata" duration-ms="0" started-at="2019-03-05T14:12:34Z" data-provider="data" finished-at="2019-03-05T14:12:34Z">
          <params>
            <param index="0">
              <value>
                <![CDATA[pratik]]>
              </value>
            </param>
            <param index="1">
              <value>
                <![CDATA[756258.0]]>
              </value>
            </param>
            <param index="2">
              <value>
                <![CDATA[NA]]>
              </value>
            </param>
          </params>
          <reporter-output>
          </reporter-output>
        </test-method> <!-- getdata -->
      </class> <!-- practice.TwoDimentionalArray -->
    </test> <!-- Default test -->
  </suite> <!-- Default suite -->
</testng-results>
