<?xml version="1.0" encoding="UTF-8"?>
<testng-results skipped="0" failed="0" total="1" passed="1">
  <reporter-output>
  </reporter-output>
  <suite name="Default suite" duration-ms="63207" started-at="2019-03-18T06:15:25Z" finished-at="2019-03-18T06:16:29Z">
    <groups>
    </groups>
    <test name="Default test" duration-ms="63207" started-at="2019-03-18T06:15:25Z" finished-at="2019-03-18T06:16:29Z">
      <class name="scp.selenium.sample2.XPath">
        <test-method status="PASS" signature="xpath()[pri:0, instance:scp.selenium.sample2.XPath@26be92ad]" name="xpath" duration-ms="63183" started-at="2019-03-18T11:45:25Z" finished-at="2019-03-18T11:46:29Z">
          <reporter-output>
          </reporter-output>
        </test-method> <!-- xpath -->
      </class> <!-- scp.selenium.sample2.XPath -->
    </test> <!-- Default test -->
  </suite> <!-- Default suite -->
</testng-results>
