<?xml version="1.0" encoding="UTF-8"?>
<!-- Generated by org.testng.reporters.JUnitXMLReporter -->
<testsuite hostname="DESKTOP-42HDP9K" name="Default test" tests="4" failures="0" timestamp="4 Feb 2019 10:01:06 GMT" time="1.791" errors="0">
  <testcase name="getdata" time="0.041" classname="practice.TwoDimentionalArray"/>
  <testcase name="getdata" time="0.0" classname="practice.TwoDimentionalArray"/>
  <testcase name="getdata" time="0.016" classname="practice.TwoDimentionalArray"/>
  <testcase name="getdata" time="0.0" classname="practice.TwoDimentionalArray"/>
</testsuite> <!-- Default test -->
