<?xml version="1.0" encoding="UTF-8"?>
<!-- Generated by org.testng.reporters.JUnitXMLReporter -->
<testsuite hostname="idea-PC" name="testsuit1" tests="7" failures="0" timestamp="11 Sep 2018 06:02:11 GMT" time="8.285" errors="0">
  <testcase name="facebook" time="0.006" classname="scp.selenium.package1.Naukri"/>
  <testcase name="fresher" time="5.083" classname="scp.selenium.package1.Naukri"/>
  <testcase name="firstName" time="0.142" classname="scp.selenium.package1.Facebook"/>
  <testcase name="firstName" time="0.159" classname="scp.selenium.package1.Naukri"/>
  <testcase name="lastName" time="0.103" classname="scp.selenium.package1.Facebook"/>
  <testcase name="email" time="0.337" classname="scp.selenium.package1.Naukri"/>
  <testcase name="mobile" time="0.131" classname="scp.selenium.package1.Facebook"/>
</testsuite> <!-- testsuit1 -->
