<?xml version="1.0" encoding="UTF-8"?>
<!-- Generated by org.testng.reporters.JUnitXMLReporter -->
<testsuite hostname="DESKTOP-42HDP9K" name="Grouping" tests="3" failures="0" timestamp="16 Jan 2019 05:34:08 GMT" time="0.321" errors="0">
  <testcase name="scooter1" time="0.2" classname="scp.selenium.package1.Grouping"/>
  <testcase name="scooter2" time="0.003" classname="scp.selenium.package1.Grouping"/>
  <testcase name="scooterCar" time="0.002" classname="scp.selenium.package1.Grouping"/>
</testsuite> <!-- Grouping -->
