<?xml version="1.0" encoding="UTF-8"?>
<!-- Generated by org.testng.reporters.JUnitXMLReporter -->
<testsuite hostname="idea-PC" name="Grouping" tests="5" failures="0" timestamp="6 Mar 2019 08:42:10 GMT" time="0.235" errors="0">
  <testcase name="car1" time="0.047" classname="scp.selenium.package1.Grouping"/>
  <testcase name="car2" time="0.0" classname="scp.selenium.package1.Grouping"/>
  <testcase name="scooter1" time="0.0" classname="scp.selenium.package1.Grouping"/>
  <testcase name="scooter2" time="0.0" classname="scp.selenium.package1.Grouping"/>
  <testcase name="scooterCar" time="0.0" classname="scp.selenium.package1.Grouping"/>
</testsuite> <!-- Grouping -->
