<?xml version="1.0" encoding="UTF-8"?>
<!-- Generated by org.testng.reporters.JUnitXMLReporter -->
<testsuite hostname="idea-PC" name="Test2" tests="4" failures="1" timestamp="5 Oct 2018 07:37:32 GMT" time="0.078" errors="0">
  <testcase name="m5" time="0.0" classname="scp.selenium.package1.Parallel2">
    <failure type="java.lang.ArithmeticException" message="/ by zero">
      <![CDATA[java.lang.ArithmeticException: / by zero
	at scp.selenium.package1.Parallel2.m5(Parallel2.java:31)
	at java.util.concurrent.FutureTask.run(FutureTask.java:266)
	at java.util.concurrent.ThreadPoolExecutor.runWorker(ThreadPoolExecutor.java:1142)
	at java.util.concurrent.ThreadPoolExecutor$Worker.run(ThreadPoolExecutor.java:617)
	at java.lang.Thread.run(Thread.java:745)
... Removed 16 stack frames]]>
    </failure>
  </testcase> <!-- m5 -->
  <testcase name="m7" time="0.0" classname="scp.selenium.package1.Parallel2"/>
  <testcase name="m7" time="0.0" classname="scp.selenium.package1.Parallel2"/>
  <testcase name="m6" time="0.0" classname="scp.selenium.package1.Parallel2">
    <skipped/>
  </testcase> <!-- m6 -->
</testsuite> <!-- Test2 -->
