<?xml version="1.0" encoding="UTF-8"?>
<!-- Generated by org.testng.reporters.JUnitXMLReporter -->
<testsuite hostname="idea-PC" name="Default test" tests="2" failures="0" timestamp="12 Mar 2019 09:35:24 GMT" time="22.399" errors="0">
  <testcase name="verifyUserLoginCredentials" time="13.983" classname="com.scp.orange.hrm.login.OrangeHRMLoginTest"/>
  <testcase name="verifyUserLoginCredentials" time="7.916" classname="com.scp.orange.hrm.login.OrangeHRMLoginTest"/>
</testsuite> <!-- Default test -->
