<?xml version="1.0" encoding="UTF-8"?>
<!-- Generated by org.testng.reporters.JUnitXMLReporter -->
<testsuite hostname="idea-PC" name="Test" tests="3" failures="1" timestamp="11 Sep 2018 09:33:01 GMT" time="38.536" errors="0">
  <testcase name="firstName" time="0.154" classname="scp.selenium.package1.Facebook"/>
  <testcase name="lastName" time="0.001" classname="scp.selenium.package1.Facebook">
    <failure type="java.lang.ArithmeticException" message="/ by zero">
      <![CDATA[java.lang.ArithmeticException: / by zero
	at scp.selenium.package1.Facebook.lastName(Facebook.java:38)
... Removed 24 stack frames]]>
    </failure>
  </testcase> <!-- lastName -->
  <testcase name="mobile" time="0.003" classname="scp.selenium.package1.Facebook"/>
</testsuite> <!-- Test -->
