<?xml version="1.0" encoding="UTF-8"?>
<!-- Generated by org.testng.reporters.JUnitXMLReporter -->
<testsuite hostname="idea-PC" name="Test(failed)" tests="1" failures="1" timestamp="11 Sep 2018 09:33:16 GMT" time="15.001" errors="0">
  <testcase name="lastName" time="0.001" classname="scp.selenium.package1.Facebook">
    <failure type="java.lang.ArithmeticException" message="/ by zero">
      <![CDATA[java.lang.ArithmeticException: / by zero
	at scp.selenium.package1.Facebook.lastName(Facebook.java:38)
... Removed 24 stack frames]]>
    </failure>
  </testcase> <!-- lastName -->
</testsuite> <!-- Test(failed) -->
