<?xml version="1.0" encoding="UTF-8"?>
<testng-results skipped="0" failed="0" total="6" passed="6">
  <reporter-output>
  </reporter-output>
  <suite name="Default suite" duration-ms="66" started-at="2018-09-11T04:16:13Z" finished-at="2018-09-11T04:16:13Z">
    <groups>
    </groups>
    <test name="Default test" duration-ms="66" started-at="2018-09-11T04:16:13Z" finished-at="2018-09-11T04:16:13Z">
      <class name="scp.selenium.seleniumMeven.Atest">
        <test-method status="PASS" signature="B()[pri:0, instance:scp.selenium.seleniumMeven.Atest@100fc185]" name="B" duration-ms="12" started-at="2018-09-11T09:46:13Z" finished-at="2018-09-11T09:46:13Z">
          <reporter-output>
          </reporter-output>
        </test-method> <!-- B -->
        <test-method status="PASS" signature="E()[pri:0, instance:scp.selenium.seleniumMeven.Atest@100fc185]" name="E" duration-ms="3" started-at="2018-09-11T09:46:13Z" finished-at="2018-09-11T09:46:13Z">
          <reporter-output>
          </reporter-output>
        </test-method> <!-- E -->
        <test-method status="PASS" signature="F()[pri:0, instance:scp.selenium.seleniumMeven.Atest@100fc185]" name="F" duration-ms="2" started-at="2018-09-11T09:46:13Z" finished-at="2018-09-11T09:46:13Z">
          <reporter-output>
          </reporter-output>
        </test-method> <!-- F -->
        <test-method status="PASS" signature="A()[pri:1, instance:scp.selenium.seleniumMeven.Atest@100fc185]" name="A" duration-ms="2" started-at="2018-09-11T09:46:13Z" finished-at="2018-09-11T09:46:13Z">
          <reporter-output>
          </reporter-output>
        </test-method> <!-- A -->
        <test-method status="PASS" signature="C()[pri:1, instance:scp.selenium.seleniumMeven.Atest@100fc185]" name="C" duration-ms="4" started-at="2018-09-11T09:46:13Z" finished-at="2018-09-11T09:46:13Z">
          <reporter-output>
          </reporter-output>
        </test-method> <!-- C -->
        <test-method status="PASS" signature="D()[pri:2, instance:scp.selenium.seleniumMeven.Atest@100fc185]" name="D" duration-ms="1" started-at="2018-09-11T09:46:13Z" finished-at="2018-09-11T09:46:13Z">
          <reporter-output>
          </reporter-output>
        </test-method> <!-- D -->
      </class> <!-- scp.selenium.seleniumMeven.Atest -->
    </test> <!-- Default test -->
  </suite> <!-- Default suite -->
</testng-results>
